<?xml version="1.0" encoding="UTF-8"?>
<!-- Generated by org.testng.reporters.JUnitXMLReporter -->
<testsuite ignored="0" hostname="MounikaNaresh" failures="1" tests="4" name="Test" time="8.487" errors="0" timestamp="02 Feb 2024 01:45:19 GMT">
  <testcase classname="com.qa.selenium.test.Testcase1" name="clickSignInButton" time="0.005">
    <failure type="java.lang.NullPointerException" message="Cannot invoke &amp;quot;org.openqa.selenium.WebDriver.findElements(org.openqa.selenium.By)&amp;quot; because &amp;quot;com.qa.selenium.util.SeleniumUtil.driver&amp;quot; is null">
      <![CDATA[java.lang.NullPointerException: Cannot invoke "org.openqa.selenium.WebDriver.findElements(org.openqa.selenium.By)" because "com.qa.selenium.util.SeleniumUtil.driver" is null
	at com.qa.selenium.util.SeleniumUtil.getWebElementList(SeleniumUtil.java:145)
	at com.qa.selenium.util.SeleniumUtil.getWebElementList(SeleniumUtil.java:122)
	at com.qa.selenium.util.SeleniumUtil.click(SeleniumUtil.java:382)
	at com.qa.selenium.util.SeleniumUtil.click(SeleniumUtil.java:372)
	at com.qa.selenium.test.pageobjects.TestPageObject.clickSignInButton(TestPageObject.java:15)
	at com.qa.selenium.test.Testcase1.clickSignInButton(Testcase1.java:19)
... Removed 25 stack frames]]>
    </failure>
  </testcase> <!-- clickSignInButton -->
  <testcase classname="com.qa.selenium.test.Testcase1" name="testCase2" time="0.002"/>
  <testcase classname="com.qa.selenium.test.Testcase1" name="testCase3" time="0.002"/>
  <testcase classname="com.qa.selenium.test.NewTest" name="f" time="0.001"/>
</testsuite> <!-- Test -->
