<?xml version="1.0" encoding="UTF-8"?>
<testng-results ignored="0" total="4" passed="3" failed="1" skipped="0">
  <reporter-output>
  </reporter-output>
  <suite started-at="2024-02-02T01:45:11Z" name="Suite" finished-at="2024-02-02T01:45:19Z" duration-ms="8487">
    <groups>
    </groups>
    <test started-at="2024-02-02T01:45:11Z" name="Test" finished-at="2024-02-02T01:45:19Z" duration-ms="8487">
      <class name="com.qa.selenium.test.Testcase1">
        <test-method is-config="true" signature="openApplication()[pri:0, instance:com.qa.selenium.test.Testcase1@479460a6]" started-at="2024-02-02T07:15:11Z" name="openApplication" finished-at="2024-02-02T07:15:19Z" duration-ms="7571" status="PASS">
          <reporter-output>
          </reporter-output>
        </test-method> <!-- openApplication -->
        <test-method signature="clickSignInButton()[pri:0, instance:com.qa.selenium.test.Testcase1@479460a6]" started-at="2024-02-02T07:15:19Z" name="clickSignInButton" finished-at="2024-02-02T07:15:19Z" duration-ms="5" status="FAIL">
          <exception class="java.lang.NullPointerException">
            <message>
              <![CDATA[Cannot invoke "org.openqa.selenium.WebDriver.findElements(org.openqa.selenium.By)" because "com.qa.selenium.util.SeleniumUtil.driver" is null]]>
            </message>
            <full-stacktrace>
              <![CDATA[java.lang.NullPointerException: Cannot invoke "org.openqa.selenium.WebDriver.findElements(org.openqa.selenium.By)" because "com.qa.selenium.util.SeleniumUtil.driver" is null
	at com.qa.selenium.util.SeleniumUtil.getWebElementList(SeleniumUtil.java:145)
	at com.qa.selenium.util.SeleniumUtil.getWebElementList(SeleniumUtil.java:122)
	at com.qa.selenium.util.SeleniumUtil.click(SeleniumUtil.java:382)
	at com.qa.selenium.util.SeleniumUtil.click(SeleniumUtil.java:372)
	at com.qa.selenium.test.pageobjects.TestPageObject.clickSignInButton(TestPageObject.java:15)
	at com.qa.selenium.test.Testcase1.clickSignInButton(Testcase1.java:19)
	at java.base/jdk.internal.reflect.NativeMethodAccessorImpl.invoke0(Native Method)
	at java.base/jdk.internal.reflect.NativeMethodAccessorImpl.invoke(NativeMethodAccessorImpl.java:77)
	at java.base/jdk.internal.reflect.DelegatingMethodAccessorImpl.invoke(DelegatingMethodAccessorImpl.java:43)
	at java.base/java.lang.reflect.Method.invoke(Method.java:568)
	at org.testng.internal.MethodInvocationHelper.invokeMethod(MethodInvocationHelper.java:108)
	at org.testng.internal.Invoker.invokeMethod(Invoker.java:661)
	at org.testng.internal.Invoker.invokeTestMethod(Invoker.java:869)
	at org.testng.internal.Invoker.invokeTestMethods(Invoker.java:1193)
	at org.testng.internal.TestMethodWorker.invokeTestMethods(TestMethodWorker.java:126)
	at org.testng.internal.TestMethodWorker.run(TestMethodWorker.java:109)
	at org.testng.TestRunner.privateRun(TestRunner.java:744)
	at org.testng.TestRunner.run(TestRunner.java:602)
	at org.testng.SuiteRunner.runTest(SuiteRunner.java:380)
	at org.testng.SuiteRunner.runSequentially(SuiteRunner.java:375)
	at org.testng.SuiteRunner.privateRun(SuiteRunner.java:340)
	at org.testng.SuiteRunner.run(SuiteRunner.java:289)
	at org.testng.SuiteRunnerWorker.runSuite(SuiteRunnerWorker.java:52)
	at org.testng.SuiteRunnerWorker.run(SuiteRunnerWorker.java:86)
	at org.testng.TestNG.runSuitesSequentially(TestNG.java:1301)
	at org.testng.TestNG.runSuitesLocally(TestNG.java:1226)
	at org.testng.TestNG.runSuites(TestNG.java:1144)
	at org.testng.TestNG.run(TestNG.java:1115)
	at org.testng.remote.AbstractRemoteTestNG.run(AbstractRemoteTestNG.java:115)
	at org.testng.remote.RemoteTestNG.initAndRun(RemoteTestNG.java:251)
	at org.testng.remote.RemoteTestNG.main(RemoteTestNG.java:77)
]]>
            </full-stacktrace>
          </exception> <!-- java.lang.NullPointerException -->
          <reporter-output>
          </reporter-output>
        </test-method> <!-- clickSignInButton -->
        <test-method signature="testCase2()[pri:0, instance:com.qa.selenium.test.Testcase1@479460a6]" started-at="2024-02-02T07:15:19Z" name="testCase2" finished-at="2024-02-02T07:15:19Z" duration-ms="2" status="PASS">
          <reporter-output>
          </reporter-output>
        </test-method> <!-- testCase2 -->
        <test-method signature="testCase3()[pri:0, instance:com.qa.selenium.test.Testcase1@479460a6]" started-at="2024-02-02T07:15:19Z" name="testCase3" finished-at="2024-02-02T07:15:19Z" duration-ms="2" status="PASS">
          <reporter-output>
          </reporter-output>
        </test-method> <!-- testCase3 -->
        <test-method is-config="true" signature="closeApplication()[pri:0, instance:com.qa.selenium.test.Testcase1@479460a6]" started-at="2024-02-02T07:15:19Z" name="closeApplication" finished-at="2024-02-02T07:15:19Z" duration-ms="875" status="PASS">
          <reporter-output>
          </reporter-output>
        </test-method> <!-- closeApplication -->
      </class> <!-- com.qa.selenium.test.Testcase1 -->
      <class name="com.qa.selenium.test.NewTest">
        <test-method signature="f()[pri:0, instance:com.qa.selenium.test.NewTest@7164ca4c]" started-at="2024-02-02T07:15:19Z" name="f" finished-at="2024-02-02T07:15:19Z" duration-ms="1" status="PASS">
          <reporter-output>
          </reporter-output>
        </test-method> <!-- f -->
      </class> <!-- com.qa.selenium.test.NewTest -->
    </test> <!-- Test -->
  </suite> <!-- Suite -->
</testng-results>
